Arguments: 
  C:\Program Files\nodejs\node.exe C:\Users\Mitsanta ANDRIAH\AppData\Roaming\npm\node_modules\yarn\bin\yarn.js add react-google-maps

PATH: 
  C:\Program Files\Common Files\Oracle\Java\javapath;C:\Windows\system32;C:\Windows;C:\Windows\System32\Wbem;C:\Windows\System32\WindowsPowerShell\v1.0\;C:\Windows\System32\OpenSSH\;C:\Program Files\Microsoft VS Code\bin;C:\Program Files\Git\cmd;C:\Program Files\nodejs\;C:\Program Files\Amazon\AWSCLIV2\;C:\Program Files\Amazon\AWSCLIV2;C:\Users\Mitsanta ANDRIAH\AppData\Local\Microsoft\WindowsApps;C:\Users\Mitsanta ANDRIAH\AppData\Local\GitHubDesktop\bin;C:\Users\Mitsanta ANDRIAH\heroku\bin;C:\Users\Mitsanta ANDRIAH\Desktop\apache-maven-3.8.6\bin;C:\Users\Mitsanta ANDRIAH\AppData\Roaming\npm;C:\Program Files\nodejs\node.exe;C:\Program Files\Amazon\AWSCLIV2;

Yarn version: 
  1.22.19

Node version: 
  16.17.0

Platform: 
  win32 x64

Trace: 
  Error: https://npm-hei-school-088312068315.d.codeartifact.eu-west-3.amazonaws.com/npm/hei-store/@mui%2fstyles: Unauthenticated: request used expired credentials. Please renew your credentials.
      at Request.params.callback [as _callback] (C:\Users\Mitsanta ANDRIAH\AppData\Roaming\npm\node_modules\yarn\lib\cli.js:66145:18)
      at Request.self.callback (C:\Users\Mitsanta ANDRIAH\AppData\Roaming\npm\node_modules\yarn\lib\cli.js:140890:22)
      at Request.emit (node:events:513:28)
      at Request.<anonymous> (C:\Users\Mitsanta ANDRIAH\AppData\Roaming\npm\node_modules\yarn\lib\cli.js:141862:10)
      at Request.emit (node:events:513:28)
      at Gunzip.<anonymous> (C:\Users\Mitsanta ANDRIAH\AppData\Roaming\npm\node_modules\yarn\lib\cli.js:141784:12)
      at Object.onceWrapper (node:events:627:28)
      at Gunzip.emit (node:events:513:28)
      at endReadableNT (node:internal/streams/readable:1358:12)
      at processTicksAndRejections (node:internal/process/task_queues:83:21)

npm manifest: 
  {
    "name": "hei-admin-ui",
    "private": true,
    "dependencies": {
      "@mui/styles": "^5.10.16",
      "@react-admin/ra-enterprise": "^6.0.3",
      "@react-admin/ra-navigation": "^4.0.6",
      "@react-admin/ra-rbac": "^4.0.1",
      "@types/googlemaps": "^3.43.3",
      "aws-amplify": "^4.3.26",
      "ra-language-french": "^4.2.0",
      "react": "^18.2.0",
      "react-admin": "^4.2.0",
      "react-dom": "^18.2.0",
      "react-router-redux": "^4.0.8",
      "typeface-quicksand": "^1.1.13"
    },
    "devDependencies": {
      "@cypress/code-coverage": "^3.9.12",
      "@cypress/react": "^5.12.4",
      "@cypress/webpack-dev-server": "^1.8.2",
      "@testing-library/user-event": "^13.5.0",
      "babel-plugin-istanbul": "5.2.0",
      "cypress": "9.5.4",
      "cypress-multi-reporters": "^1.5.0",
      "cypress-sonarqube-reporter": "^1.10.0",
      "eslint-plugin-cypress": "^2.12.1",
      "prop-types": "^15.7.2",
      "react-scripts": "4.0.3",
      "ts-jest": "^26.5.4",
      "typescript": "^4.5.4"
    },
    "scripts": {
      "start": "react-scripts start",
      "build": "react-scripts build",
      "test": "cypress run-ct",
      "eject": "react-scripts eject"
    },
    "eslintConfig": {
      "extends": [
        "plugin:cypress/recommended",
        "react-app"
      ]
    },
    "browserslist": {
      "production": [
        ">0.2%",
        "not dead",
        "not op_mini all"
      ],
      "development": [
        "last 1 chrome version",
        "last 1 firefox version",
        "last 1 safari version"
      ]
    }
  }

yarn manifest: 
  No manifest

Lockfile: 
  No lockfile
